<?xml version="1.0" encoding="UTF-8"?>
<testsuite xmlns:xsi="http://www.w3.org/2001/XMLSchema-instance" xsi:noNamespaceSchemaLocation="https://maven.apache.org/surefire/maven-surefire-plugin/xsd/surefire-test-report.xsd" name="com.flink.AppTest" time="0.038" tests="1" errors="0" skipped="0" failures="0">
  <properties>
    <property name="java.specification.version" value="23"/>
    <property name="sun.jnu.encoding" value="UTF-8"/>
    <property name="java.class.path" value="/home/moira/Documents/AdvanceDB/flink/target/test-classes:/home/moira/Documents/AdvanceDB/flink/target/classes:/home/moira/.m2/repository/junit/junit/4.11/junit-4.11.jar:/home/moira/.m2/repository/org/hamcrest/hamcrest-core/1.3/hamcrest-core-1.3.jar:/home/moira/.m2/repository/org/apache/flink/flink-java/1.14.4/flink-java-1.14.4.jar:/home/moira/.m2/repository/org/apache/flink/flink-core/1.14.4/flink-core-1.14.4.jar:/home/moira/.m2/repository/org/apache/flink/flink-annotations/1.14.4/flink-annotations-1.14.4.jar:/home/moira/.m2/repository/org/apache/flink/flink-metrics-core/1.14.4/flink-metrics-core-1.14.4.jar:/home/moira/.m2/repository/org/apache/flink/flink-shaded-asm-7/7.1-14.0/flink-shaded-asm-7-7.1-14.0.jar:/home/moira/.m2/repository/com/esotericsoftware/kryo/kryo/2.24.0/kryo-2.24.0.jar:/home/moira/.m2/repository/com/esotericsoftware/minlog/minlog/1.2/minlog-1.2.jar:/home/moira/.m2/repository/org/objenesis/objenesis/2.1/objenesis-2.1.jar:/home/moira/.m2/repository/commons-collections/commons-collections/3.2.2/commons-collections-3.2.2.jar:/home/moira/.m2/repository/org/apache/commons/commons-compress/1.21/commons-compress-1.21.jar:/home/moira/.m2/repository/org/apache/commons/commons-lang3/3.3.2/commons-lang3-3.3.2.jar:/home/moira/.m2/repository/org/apache/commons/commons-math3/3.5/commons-math3-3.5.jar:/home/moira/.m2/repository/org/slf4j/slf4j-api/1.7.15/slf4j-api-1.7.15.jar:/home/moira/.m2/repository/com/google/code/findbugs/jsr305/1.3.9/jsr305-1.3.9.jar:/home/moira/.m2/repository/org/apache/flink/flink-shaded-force-shading/14.0/flink-shaded-force-shading-14.0.jar:/home/moira/.m2/repository/org/apache/flink/flink-streaming-java_2.11/1.14.4/flink-streaming-java_2.11-1.14.4.jar:/home/moira/.m2/repository/org/apache/flink/flink-file-sink-common/1.14.4/flink-file-sink-common-1.14.4.jar:/home/moira/.m2/repository/org/apache/flink/flink-runtime/1.14.4/flink-runtime-1.14.4.jar:/home/moira/.m2/repository/org/apache/flink/flink-rpc-core/1.14.4/flink-rpc-core-1.14.4.jar:/home/moira/.m2/repository/org/apache/flink/flink-rpc-akka-loader/1.14.4/flink-rpc-akka-loader-1.14.4.jar:/home/moira/.m2/repository/org/apache/flink/flink-queryable-state-client-java/1.14.4/flink-queryable-state-client-java-1.14.4.jar:/home/moira/.m2/repository/org/apache/flink/flink-hadoop-fs/1.14.4/flink-hadoop-fs-1.14.4.jar:/home/moira/.m2/repository/commons-io/commons-io/2.8.0/commons-io-2.8.0.jar:/home/moira/.m2/repository/org/apache/flink/flink-shaded-netty/4.1.65.Final-14.0/flink-shaded-netty-4.1.65.Final-14.0.jar:/home/moira/.m2/repository/org/apache/flink/flink-shaded-jackson/2.12.4-14.0/flink-shaded-jackson-2.12.4-14.0.jar:/home/moira/.m2/repository/org/apache/flink/flink-shaded-zookeeper-3/3.4.14-14.0/flink-shaded-zookeeper-3-3.4.14-14.0.jar:/home/moira/.m2/repository/commons-cli/commons-cli/1.3.1/commons-cli-1.3.1.jar:/home/moira/.m2/repository/org/javassist/javassist/3.24.0-GA/javassist-3.24.0-GA.jar:/home/moira/.m2/repository/org/xerial/snappy/snappy-java/1.1.8.3/snappy-java-1.1.8.3.jar:/home/moira/.m2/repository/org/lz4/lz4-java/1.8.0/lz4-java-1.8.0.jar:/home/moira/.m2/repository/org/apache/flink/flink-scala_2.11/1.14.4/flink-scala_2.11-1.14.4.jar:/home/moira/.m2/repository/org/scala-lang/scala-reflect/2.11.12/scala-reflect-2.11.12.jar:/home/moira/.m2/repository/org/scala-lang/scala-library/2.11.12/scala-library-2.11.12.jar:/home/moira/.m2/repository/org/scala-lang/scala-compiler/2.11.12/scala-compiler-2.11.12.jar:/home/moira/.m2/repository/org/scala-lang/modules/scala-xml_2.11/1.0.5/scala-xml_2.11-1.0.5.jar:/home/moira/.m2/repository/org/scala-lang/modules/scala-parser-combinators_2.11/1.0.4/scala-parser-combinators_2.11-1.0.4.jar:/home/moira/.m2/repository/com/twitter/chill_2.11/0.7.6/chill_2.11-0.7.6.jar:/home/moira/.m2/repository/com/twitter/chill-java/0.7.6/chill-java-0.7.6.jar:/home/moira/.m2/repository/org/apache/flink/flink-shaded-guava/30.1.1-jre-14.0/flink-shaded-guava-30.1.1-jre-14.0.jar:"/>
    <property name="java.vm.vendor" value="Arch Linux"/>
    <property name="sun.arch.data.model" value="64"/>
    <property name="java.vendor.url" value="https://openjdk.org/"/>
    <property name="os.name" value="Linux"/>
    <property name="java.vm.specification.version" value="23"/>
    <property name="sun.java.launcher" value="SUN_STANDARD"/>
    <property name="user.country" value="GB"/>
    <property name="sun.boot.library.path" value="/usr/lib/jvm/java-23-openjdk/lib"/>
    <property name="sun.java.command" value="/home/moira/Documents/AdvanceDB/flink/target/surefire/surefirebooter1122029224930296251.jar /home/moira/Documents/AdvanceDB/flink/target/surefire 2024-12-01T15-26-51_247-jvmRun1 surefire11750818188113007752tmp surefire_017959435583765184550tmp"/>
    <property name="jdk.debug" value="release"/>
    <property name="surefire.test.class.path" value="/home/moira/Documents/AdvanceDB/flink/target/test-classes:/home/moira/Documents/AdvanceDB/flink/target/classes:/home/moira/.m2/repository/junit/junit/4.11/junit-4.11.jar:/home/moira/.m2/repository/org/hamcrest/hamcrest-core/1.3/hamcrest-core-1.3.jar:/home/moira/.m2/repository/org/apache/flink/flink-java/1.14.4/flink-java-1.14.4.jar:/home/moira/.m2/repository/org/apache/flink/flink-core/1.14.4/flink-core-1.14.4.jar:/home/moira/.m2/repository/org/apache/flink/flink-annotations/1.14.4/flink-annotations-1.14.4.jar:/home/moira/.m2/repository/org/apache/flink/flink-metrics-core/1.14.4/flink-metrics-core-1.14.4.jar:/home/moira/.m2/repository/org/apache/flink/flink-shaded-asm-7/7.1-14.0/flink-shaded-asm-7-7.1-14.0.jar:/home/moira/.m2/repository/com/esotericsoftware/kryo/kryo/2.24.0/kryo-2.24.0.jar:/home/moira/.m2/repository/com/esotericsoftware/minlog/minlog/1.2/minlog-1.2.jar:/home/moira/.m2/repository/org/objenesis/objenesis/2.1/objenesis-2.1.jar:/home/moira/.m2/repository/commons-collections/commons-collections/3.2.2/commons-collections-3.2.2.jar:/home/moira/.m2/repository/org/apache/commons/commons-compress/1.21/commons-compress-1.21.jar:/home/moira/.m2/repository/org/apache/commons/commons-lang3/3.3.2/commons-lang3-3.3.2.jar:/home/moira/.m2/repository/org/apache/commons/commons-math3/3.5/commons-math3-3.5.jar:/home/moira/.m2/repository/org/slf4j/slf4j-api/1.7.15/slf4j-api-1.7.15.jar:/home/moira/.m2/repository/com/google/code/findbugs/jsr305/1.3.9/jsr305-1.3.9.jar:/home/moira/.m2/repository/org/apache/flink/flink-shaded-force-shading/14.0/flink-shaded-force-shading-14.0.jar:/home/moira/.m2/repository/org/apache/flink/flink-streaming-java_2.11/1.14.4/flink-streaming-java_2.11-1.14.4.jar:/home/moira/.m2/repository/org/apache/flink/flink-file-sink-common/1.14.4/flink-file-sink-common-1.14.4.jar:/home/moira/.m2/repository/org/apache/flink/flink-runtime/1.14.4/flink-runtime-1.14.4.jar:/home/moira/.m2/repository/org/apache/flink/flink-rpc-core/1.14.4/flink-rpc-core-1.14.4.jar:/home/moira/.m2/repository/org/apache/flink/flink-rpc-akka-loader/1.14.4/flink-rpc-akka-loader-1.14.4.jar:/home/moira/.m2/repository/org/apache/flink/flink-queryable-state-client-java/1.14.4/flink-queryable-state-client-java-1.14.4.jar:/home/moira/.m2/repository/org/apache/flink/flink-hadoop-fs/1.14.4/flink-hadoop-fs-1.14.4.jar:/home/moira/.m2/repository/commons-io/commons-io/2.8.0/commons-io-2.8.0.jar:/home/moira/.m2/repository/org/apache/flink/flink-shaded-netty/4.1.65.Final-14.0/flink-shaded-netty-4.1.65.Final-14.0.jar:/home/moira/.m2/repository/org/apache/flink/flink-shaded-jackson/2.12.4-14.0/flink-shaded-jackson-2.12.4-14.0.jar:/home/moira/.m2/repository/org/apache/flink/flink-shaded-zookeeper-3/3.4.14-14.0/flink-shaded-zookeeper-3-3.4.14-14.0.jar:/home/moira/.m2/repository/commons-cli/commons-cli/1.3.1/commons-cli-1.3.1.jar:/home/moira/.m2/repository/org/javassist/javassist/3.24.0-GA/javassist-3.24.0-GA.jar:/home/moira/.m2/repository/org/xerial/snappy/snappy-java/1.1.8.3/snappy-java-1.1.8.3.jar:/home/moira/.m2/repository/org/lz4/lz4-java/1.8.0/lz4-java-1.8.0.jar:/home/moira/.m2/repository/org/apache/flink/flink-scala_2.11/1.14.4/flink-scala_2.11-1.14.4.jar:/home/moira/.m2/repository/org/scala-lang/scala-reflect/2.11.12/scala-reflect-2.11.12.jar:/home/moira/.m2/repository/org/scala-lang/scala-library/2.11.12/scala-library-2.11.12.jar:/home/moira/.m2/repository/org/scala-lang/scala-compiler/2.11.12/scala-compiler-2.11.12.jar:/home/moira/.m2/repository/org/scala-lang/modules/scala-xml_2.11/1.0.5/scala-xml_2.11-1.0.5.jar:/home/moira/.m2/repository/org/scala-lang/modules/scala-parser-combinators_2.11/1.0.4/scala-parser-combinators_2.11-1.0.4.jar:/home/moira/.m2/repository/com/twitter/chill_2.11/0.7.6/chill_2.11-0.7.6.jar:/home/moira/.m2/repository/com/twitter/chill-java/0.7.6/chill-java-0.7.6.jar:/home/moira/.m2/repository/org/apache/flink/flink-shaded-guava/30.1.1-jre-14.0/flink-shaded-guava-30.1.1-jre-14.0.jar:"/>
    <property name="sun.cpu.endian" value="little"/>
    <property name="user.home" value="/home/moira"/>
    <property name="user.language" value="en"/>
    <property name="java.specification.vendor" value="Oracle Corporation"/>
    <property name="java.version.date" value="2024-09-17"/>
    <property name="java.home" value="/usr/lib/jvm/java-23-openjdk"/>
    <property name="file.separator" value="/"/>
    <property name="basedir" value="/home/moira/Documents/AdvanceDB/flink"/>
    <property name="java.vm.compressedOopsMode" value="Zero based"/>
    <property name="line.separator" value="&#10;"/>
    <property name="java.specification.name" value="Java Platform API Specification"/>
    <property name="java.vm.specification.vendor" value="Oracle Corporation"/>
    <property name="surefire.real.class.path" value="/home/moira/Documents/AdvanceDB/flink/target/surefire/surefirebooter1122029224930296251.jar"/>
    <property name="sun.management.compiler" value="HotSpot 64-Bit Tiered Compilers"/>
    <property name="java.runtime.version" value="23"/>
    <property name="user.name" value="moira"/>
    <property name="stdout.encoding" value="UTF-8"/>
    <property name="path.separator" value=":"/>
    <property name="os.version" value="6.12.1-zen1-1-zen"/>
    <property name="java.runtime.name" value="OpenJDK Runtime Environment"/>
    <property name="file.encoding" value="UTF-8"/>
    <property name="java.vm.name" value="OpenJDK 64-Bit Server VM"/>
    <property name="localRepository" value="/home/moira/.m2/repository"/>
    <property name="java.vendor.url.bug" value="https://bugreport.java.com/bugreport/"/>
    <property name="java.io.tmpdir" value="/tmp"/>
    <property name="java.version" value="23"/>
    <property name="user.dir" value="/home/moira/Documents/AdvanceDB/flink"/>
    <property name="os.arch" value="amd64"/>
    <property name="java.vm.specification.name" value="Java Virtual Machine Specification"/>
    <property name="native.encoding" value="UTF-8"/>
    <property name="java.library.path" value="/usr/java/packages/lib:/usr/lib64:/lib64:/lib:/usr/lib"/>
    <property name="java.vm.info" value="mixed mode, sharing"/>
    <property name="stderr.encoding" value="UTF-8"/>
    <property name="java.vendor" value="Arch Linux"/>
    <property name="java.vm.version" value="23"/>
    <property name="sun.io.unicode.encoding" value="UnicodeLittle"/>
    <property name="java.class.version" value="67.0"/>
  </properties>
  <testcase name="shouldAnswerWithTrue" classname="com.flink.AppTest" time="0.003"/>
</testsuite>